[ip-172-31-84-172:11645] 15 more processes have sent help message help-mpi-btl-base.txt / btl:no-nics
[ip-172-31-84-172:11645] Set MCA parameter "orte_base_help_aggregate" to 0 to see all help / error messages
------------- Processor 1 Exiting: Caught Signal ------------
Reason: Segmentation fault
corrupted double-linked list
------------- Processor 10 Exiting: Caught Signal ------------
Reason: Segmentation fault
------------- Processor 14 Exiting: Caught Signal ------------
Reason: Segmentation fault
------------- Processor 11 Exiting: Caught Signal ------------
Reason: Aborted
------------- Processor 5 Exiting: Caught Signal ------------
Reason: Segmentation fault
------------- Processor 4 Exiting: Caught Signal ------------
Reason: Segmentation fault
------------- Processor 12 Exiting: Caught Signal ------------
Reason: Segmentation fault
------------- Processor 3 Exiting: Caught Signal ------------
Reason: Segmentation fault
------------- Processor 2 Exiting: Caught Signal ------------
Reason: Segmentation fault
------------- Processor 6 Exiting: Caught Signal ------------
Reason: Segmentation fault
------------- Processor 13 Exiting: Caught Signal ------------
Reason: Segmentation fault
------------- Processor 7 Exiting: Caught Signal ------------
Reason: Segmentation fault
------------- Processor 9 Exiting: Caught Signal ------------
Reason: Segmentation fault
corrupted double-linked list
corrupted double-linked list
[ip-172-31-84-172:11677] pml_ob1_sendreq.c:189 FATAL
[ip-172-31-87-175:10691] pml_ob1_sendreq.c:189 FATAL
[ip-172-31-80-61:10594] pml_ob1_sendreq.c:189 FATAL
[ip-172-31-84-172:11645] 9 more processes have sent help message help-mpi-api.txt / mpi-abort
[ip-172-31-84-172:11645] 8 more processes have sent help message help-mpi-btl-tcp.txt / peer hung up
