--------------------------------------------------------------------------
[[64602,1],0]: A high-performance Open MPI point-to-point messaging module
was unable to find any relevant network interfaces:

Module: OpenFabrics (openib)
  Host: ip-172-31-92-225

Another transport will be used instead, although this may result in
lower performance.

NOTE: You can disable this warning by setting the MCA parameter
btl_base_warn_component_unused to 0.
--------------------------------------------------------------------------
Charm++> Running on MPI version: 3.1
Charm++> level of thread support used: MPI_THREAD_SINGLE (desired: MPI_THREAD_SINGLE)
Charm++> Running in non-SMP mode: 2 processes (PEs)
Charm++> Using recursive bisection (scheme 3) for topology aware partitions
Converse/Charm++ Commit ID: 69a1067b
Warning> Randomization of virtual memory (ASLR) is turned on in the kernel, thread migration may not work! Run 'echo 0 > /proc/sys/kernel/randomize_va_space' as root to disable it, or try running with '+isomalloc_sync'.
CharmLB> Load balancer assumes all CPUs are same.
Charm++> Running on 2 hosts (1 sockets x 1 cores x 2 PUs = 2-way SMP)
Charm++> cpu topology info is gathered in 0.000 seconds.
Info: NAMD 2.14b1 for Linux-x86_64-MPI
Info: 
Info: Please visit http://www.ks.uiuc.edu/Research/namd/
Info: for updates, documentation, and support information.
Info: 
Info: Please cite Phillips et al., J. Comp. Chem. 26:1781-1802 (2005)
Info: in all publications reporting results obtained with NAMD.
Info: 
Info: Based on Charm++/Converse 61001 for mpi-linux-x86_64
Info: Built Tue Jun 16 12:50:15 UTC 2020 by ubuntu on ip-172-31-89-142
Info: 1 NAMD  2.14b1  Linux-x86_64-MPI  2    ip-172-31-92-225  ubuntu
Info: Running on 2 processors, 2 nodes, 2 physical nodes.
Info: CPU topology information available.
Info: Charm++/Converse parallel runtime startup completed at 0.00167193 s
Info: 342.734 MB of memory in use based on /proc/self/stat
Info: Configuration file is ../tests/TC-3/TC-3.namd
Info: Changed directory to ../tests/TC-3
TCL: Suspending until startup complete.
Info: SIMULATION PARAMETERS:
Info: TIMESTEP               1
Info: NUMBER OF STEPS        500
Info: STEPS PER CYCLE        20
Info: PERIODIC CELL BASIS 1  216.832 0 0
Info: PERIODIC CELL BASIS 2  0 216.832 0
Info: PERIODIC CELL BASIS 3  0 0 216.832
Info: PERIODIC CELL CENTER   0 0 0
Info: LOAD BALANCER  Centralized
Info: LOAD BALANCING STRATEGY  New Load Balancers -- DEFAULT
Info: LDB PERIOD             4000 steps
Info: FIRST LDB TIMESTEP     100
Info: LAST LDB TIMESTEP     -1
Info: LDB BACKGROUND SCALING 1
Info: HOM BACKGROUND SCALING 1
Info: PME BACKGROUND SCALING 1
Info: MIN ATOMS PER PATCH    40
Info: INITIAL TEMPERATURE    298
Info: CENTER OF MASS MOVING INITIALLY? NO
Info: DIELECTRIC             1
Info: EXCLUDE                SCALED ONE-FOUR
Info: 1-4 ELECTROSTATICS SCALED BY 1
Info: MODIFIED 1-4 VDW PARAMETERS WILL BE USED
Info: NO DCD TRAJECTORY OUTPUT
Info: NO EXTENDED SYSTEM TRAJECTORY OUTPUT
Info: NO VELOCITY DCD OUTPUT
Info: NO FORCE DCD OUTPUT
Info: OUTPUT FILENAME        output0
Info: BINARY OUTPUT FILES WILL BE USED
Info: NO RESTART FILE
Info: SWITCHING ACTIVE
Info: SWITCHING ON           10
Info: SWITCHING OFF          12
Info: PAIRLIST DISTANCE      13.5
Info: PAIRLIST SHRINK RATE   0.01
Info: PAIRLIST GROW RATE     0.01
Info: PAIRLIST TRIGGER       0.3
Info: PAIRLISTS PER CYCLE    2
Info: PAIRLISTS ENABLED
Info: MARGIN                 0.48
Info: HYDROGEN GROUP CUTOFF  2.5
Info: PATCH DIMENSION        16.48
Info: ENERGY OUTPUT STEPS    20
Info: CROSSTERM ENERGY INCLUDED IN DIHEDRAL
Info: TIMING OUTPUT STEPS    20
Info: LANGEVIN DYNAMICS ACTIVE
Info: LANGEVIN TEMPERATURE   298
Info: LANGEVIN USING BBK INTEGRATOR
Info: LANGEVIN DAMPING COEFFICIENT IS 5 INVERSE PS
Info: LANGEVIN DYNAMICS NOT APPLIED TO HYDROGENS
Info: LANGEVIN PISTON PRESSURE CONTROL ACTIVE
Info:        TARGET PRESSURE IS 1.01325 BAR
Info:     OSCILLATION PERIOD IS 100 FS
Info:             DECAY TIME IS 50 FS
Info:     PISTON TEMPERATURE IS 298 K
Info:       PRESSURE CONTROL IS GROUP-BASED
Info:    INITIAL STRAIN RATE IS 0 0 0
Info:       CELL FLUCTUATION IS ISOTROPIC
Info: PARTICLE MESH EWALD (PME) ACTIVE
Info: PME TOLERANCE               1e-06
Info: PME EWALD COEFFICIENT       0.257952
Info: PME INTERPOLATION ORDER     4
Info: PME GRID DIMENSIONS         216 216 216
Info: PME MAXIMUM GRID SPACING    1.5
Info: Attempting to read FFTW data from FFTW_NAMD_2.14b1_Linux-x86_64-MPI.txt
Info: Optimizing 6 FFT steps.  1... 2... 3... 4... 5... 6...   Done.
Info: Writing FFTW data to FFTW_NAMD_2.14b1_Linux-x86_64-MPI.txt
Info: FULL ELECTROSTATIC EVALUATION FREQUENCY      4
Info: USING VERLET I (r-RESPA) MTS SCHEME.
Info: C1 SPLITTING OF LONG RANGE ELECTROSTATICS
Info: PLACING ATOMS IN PATCHES BY HYDROGEN GROUPS
Info: RANDOM NUMBER SEED     1592583990
Info: USE HYDROGEN BONDS?    NO
Info: COORDINATE PDB         stmv.pdb
Info: STRUCTURE FILE         stmv.psf
Info: PARAMETER file: CHARMM format! 
Info: PARAMETERS             par_all27_prot_na.inp
Info: USING ARITHMETIC MEAN TO COMBINE L-J SIGMA PARAMETERS
Info: SUMMARY OF PARAMETERS:
Info: 250 BONDS
Info: 622 ANGLES
Info: 1049 DIHEDRAL
Info: 73 IMPROPER
Info: 0 CROSSTERM
Info: 130 VDW
Info: 0 VDW_PAIRS
Info: 0 NBTHOLE_PAIRS
Info: TIME FOR READING PSF FILE: 7.7357
Info: Reading pdb file stmv.pdb
Info: TIME FOR READING PDB FILE: 1.21161
Info: 
Info: ****************************
Info: STRUCTURE SUMMARY:
Info: 1066628 ATOMS
Info: 769956 BONDS
Info: 605872 ANGLES
Info: 450875 DIHEDRALS
Info: 24578 IMPROPERS
Info: 0 CROSSTERMS
Info: 0 EXCLUSIONS
Info: 3199884 DEGREES OF FREEDOM
Info: 389067 HYDROGEN GROUPS
Info: 4 ATOMS IN LARGEST HYDROGEN GROUP
Info: 389067 MIGRATION GROUPS
Info: 4 ATOMS IN LARGEST MIGRATION GROUP
Info: TOTAL MASS = 6.69877e+06 amu
Info: TOTAL CHARGE = 0.000168104 e
Info: MASS DENSITY = 1.09115 g/cm^3
Info: ATOM DENSITY = 0.104627 atoms/A^3
Info: *****************************
Info: 
Info: Entering startup at 44.4983 s, 622.465 MB of memory in use
Info: Startup phase 0 took 0.000855386 s, 622.465 MB of memory in use
Info: ADDED 1810196 IMPLICIT EXCLUSIONS
Info: Startup phase 1 took 0.842571 s, 834.168 MB of memory in use
Info: NONBONDED TABLE R-SQUARED SPACING: 0.0625
Info: NONBONDED TABLE SIZE: 769 POINTS
Info: INCONSISTENCY IN FAST TABLE ENERGY VS FORCE: 0.000325096 AT 11.9556
Info: INCONSISTENCY IN SCOR TABLE ENERGY VS FORCE: 0.000324844 AT 11.9556
Info: INCONSISTENCY IN VDWA TABLE ENERGY VS FORCE: 0.0040507 AT 0.251946
Info: INCONSISTENCY IN VDWB TABLE ENERGY VS FORCE: 0.00150189 AT 0.251946
Info: Startup phase 2 took 0.000963521 s, 834.168 MB of memory in use
Info: Startup phase 3 took 0.000285695 s, 834.168 MB of memory in use
Info: Startup phase 4 took 0.00419749 s, 834.168 MB of memory in use
Info: Startup phase 5 took 0.00028712 s, 834.168 MB of memory in use
Info: PATCH GRID IS 13 (PERIODIC) BY 13 (PERIODIC) BY 13 (PERIODIC)
Info: PATCH GRID IS 1-AWAY BY 1-AWAY BY 1-AWAY
Info: REMOVING COM VELOCITY -0.00730523 -0.00620939 -0.00871488
Info: LARGEST PATCH (1044) HAS 541 ATOMS
Info: TORUS A SIZE 2 USING 0 1
Info: TORUS B SIZE 1 USING 0
Info: TORUS C SIZE 1 USING 0
Info: TORUS MINIMAL MESH SIZE IS 2 BY 1 BY 1
Info: Placed 100% of base nodes on same physical node as patch
Info: Startup phase 6 took 0.327082 s, 1004.78 MB of memory in use
Info: PME using 2 and 2 processors for FFT and reciprocal sum.
Info: PME GRID LOCATIONS: 0 1
Info: PME TRANS LOCATIONS: 0 1
Info: PME USING 2 GRID NODES AND 2 TRANS NODES
Info: Optimizing 4 FFT steps.  1... 2... 3... 4...   Done.
Info: Startup phase 7 took 0.0189463 s, 1039.93 MB of memory in use
Info: Startup phase 8 took 0.000303727 s, 1039.93 MB of memory in use
Info: Startup phase 9 took 0.0567449 s, 1040.27 MB of memory in use
Info: Startup phase 10 took 0.000287283 s, 1040.27 MB of memory in use
Info: Startup phase 11 took 0.0768924 s, 1052.34 MB of memory in use
LDB: Central LB being created...
Info: Startup phase 12 took 0.0020254 s, 1052.34 MB of memory in use
Info: CREATING 43950 COMPUTE OBJECTS
Info: Startup phase 13 took 0.0722655 s, 1055.02 MB of memory in use
Info: useSync: 0 useProxySync: 0
Info: Startup phase 14 took 0.000350059 s, 1055.02 MB of memory in use
Info: Startup phase 15 took 0.00246834 s, 1163.29 MB of memory in use
Info: Finished startup at 45.9048 s, 1163.29 MB of memory in use

ETITLE:      TS           BOND          ANGLE          DIHED          IMPRP               ELECT            VDW       BOUNDARY           MISC        KINETIC               TOTAL           TEMP      POTENTIAL         TOTAL3        TEMPAVG            PRESSURE      GPRESSURE         VOLUME       PRESSAVG      GPRESSAVG

ENERGY:       0    354072.1600    280839.0161     81957.9556      4995.4407       -4503168.0868    384266.4685         0.0000         0.0000    947048.0113       -2449989.0347       297.8709  -3397037.0460  -2441349.8097       297.8709           1824.3333       190.8505  10194598.5131      1824.3333       190.8505

[MO833] Paramount Iteration,0,1,7.777566,55.028493
[MO833] Paramount Iteration,0,2,2.797236,57.825749
[MO833] Paramount Iteration,0,3,2.822513,60.648284
[MO833] Paramount Iteration,0,4,3.513042,64.161347
[MO833] Paramount Iteration,0,5,3.776279,67.937657
[MO833] Paramount Iteration,0,6,2.789342,70.727021
[MO833] Paramount Iteration,0,7,2.808466,73.535509
[MO833] Paramount Iteration,0,8,3.288193,76.823722
[MO833] Paramount Iteration,0,9,3.669888,80.493635
[MO833] Paramount Iteration,0,10,2.989568,83.483225
[MO833] Paramount Iteration,0,11,5.294760,88.778007
[MO833] Paramount Iteration,0,12,3.217573,91.995602
[MO833] Paramount Iteration,0,13,3.665679,95.661303
[MO833] Paramount Iteration,0,14,2.790422,98.451745
[MO833] Paramount Iteration,0,15,2.824142,101.275909
[MO833] Paramount Iteration,0,16,3.234609,104.510541
[MO833] Paramount Iteration,0,17,3.660258,108.170819
[MO833] Paramount Iteration,0,18,2.790692,110.961530
LDB: ============= START OF LOAD BALANCING ============== 116.229
LDB: ============== END OF LOAD BALANCING =============== 116.229
Info: useSync: 0 useProxySync: 0
LDB: =============== DONE WITH MIGRATION ================ 116.23
[MO833] Paramount Iteration,0,19,5.400738,116.362289
[MO833] Paramount Iteration,0,20,1.182249,117.544548
TIMING: 20  CPU: 78.8139, 3.4979/step  Wall: 78.8139, 3.4979/step, 0.466387 hours remaining, 2280.632812 MB of memory in use.
ENERGY:      20    354365.8163    280054.6557     81855.0917      4997.4449       -4504437.6464    384134.2747         0.0000         0.0000    948902.6301       -2450127.7330       298.4543  -3399030.3631  -2441410.1212       297.9983           1737.2588       134.0133  10195468.5030         0.9852        -0.3139

[MO833] Paramount Iteration,0,21,7.444164,124.988737
[MO833] Paramount Iteration,0,22,2.834495,127.823255
[MO833] Paramount Iteration,0,23,3.098294,130.921574
[MO833] Paramount Iteration,0,24,3.333257,134.254853
[MO833] Paramount Iteration,0,25,3.707487,137.962365
[MO833] Paramount Iteration,0,26,2.819864,140.782252
[MO833] Paramount Iteration,0,27,2.835639,143.617915
[MO833] Paramount Iteration,0,28,3.252560,146.870498
[MO833] Paramount Iteration,0,29,3.711293,150.581814
[MO833] Paramount Iteration,0,30,3.023579,153.605416
[MO833] Paramount Iteration,0,31,5.361401,158.966840
[MO833] Paramount Iteration,0,32,3.228944,162.195808
[MO833] Paramount Iteration,0,33,3.686346,165.882178
[MO833] Paramount Iteration,0,34,2.824686,168.706887
[MO833] Paramount Iteration,0,35,2.837469,171.544379
[MO833] Paramount Iteration,0,36,3.260856,174.805259
[MO833] Paramount Iteration,0,37,3.678871,178.484156
[MO833] Paramount Iteration,0,38,2.793842,181.278019
[MO833] Paramount Iteration,0,39,2.812166,184.090208
[MO833] Paramount Iteration,0,40,3.702700,187.792930
TIMING: 40  CPU: 149.157, 3.51718/step  Wall: 149.157, 3.51718/step, 0.449417 hours remaining, 2305.617188 MB of memory in use.
ENERGY:      40    354239.7552    280244.7251     81834.1016      5073.8190       -4502465.7335    382957.9349         0.0000         0.0000    948381.2546       -2449734.1431       298.2903  -3398115.3977  -2440998.9355       298.0463           1667.3965        88.1827  10197268.5333        -5.6118        -8.8765

[MO833] Paramount Iteration,0,41,7.536867,195.329819
[MO833] Paramount Iteration,0,42,2.870979,198.200817
[MO833] Paramount Iteration,0,43,2.813716,201.014555
[MO833] Paramount Iteration,0,44,3.232929,204.247507
[MO833] Paramount Iteration,0,45,3.668500,207.916028
[MO833] Paramount Iteration,0,46,2.794750,210.710799
[MO833] Paramount Iteration,0,47,2.850831,213.561651
[MO833] Paramount Iteration,0,48,3.236072,216.797745
[MO833] Paramount Iteration,0,49,3.677483,220.475251
[MO833] Paramount Iteration,0,50,3.004377,223.479652
[MO833] Paramount Iteration,0,51,5.292026,228.771701
[MO833] Paramount Iteration,0,52,3.225038,231.996761
[MO833] Paramount Iteration,0,53,3.675830,235.672613
[MO833] Paramount Iteration,0,54,2.795626,238.468261
[MO833] Paramount Iteration,0,55,2.813069,241.281352
[MO833] Paramount Iteration,0,56,3.227135,244.508509
[MO833] Paramount Iteration,0,57,3.665568,248.174099
[MO833] Paramount Iteration,0,58,2.793191,250.967310
[MO833] Paramount Iteration,0,59,2.825408,253.792738
[MO833] Paramount Iteration,0,60,3.684495,257.477255
TIMING: 60  CPU: 218.959, 3.49009/step  Wall: 218.959, 3.49009/step, 0.426566 hours remaining, 2324.398438 MB of memory in use.
ENERGY:      60    354262.9893    280633.8425     81884.9675      5049.3803       -4502539.8497    383029.4610         0.0000         0.0000    948160.1125       -2449519.0966       298.2207  -3397679.2091  -2440824.7873       298.0687           1688.8706       107.9653  10197243.6656        10.3743         8.9066

[MO833] Paramount Iteration,0,61,7.655963,265.133241
[MO833] Paramount Iteration,0,62,2.802765,267.936027
[MO833] Paramount Iteration,0,63,2.816789,270.752839
[MO833] Paramount Iteration,0,64,3.237168,273.990029
[MO833] Paramount Iteration,0,65,3.668822,277.658875
[MO833] Paramount Iteration,0,66,2.795629,280.454525
[MO833] Paramount Iteration,0,67,2.830820,283.285367
[MO833] Paramount Iteration,0,68,3.237724,286.523113
[MO833] Paramount Iteration,0,69,3.668474,290.191617
[MO833] Paramount Iteration,0,70,2.989638,293.181276
[MO833] Paramount Iteration,0,71,5.303180,298.484478
[MO833] Paramount Iteration,0,72,3.229220,301.713720
[MO833] Paramount Iteration,0,73,3.675449,305.389192
[MO833] Paramount Iteration,0,74,2.793153,308.182367
[MO833] Paramount Iteration,0,75,2.826627,311.009014
[MO833] Paramount Iteration,0,76,3.242788,314.251825
[MO833] Paramount Iteration,0,77,3.691074,317.942921
[MO833] Paramount Iteration,0,78,2.816647,320.759591
[MO833] Paramount Iteration,0,79,3.339873,324.099485
[MO833] Paramount Iteration,0,80,3.762148,327.861650
TIMING: 80  CPU: 289.042, 3.50413/step  Wall: 289.042, 3.50413/step, 0.408815 hours remaining, 2334.097656 MB of memory in use.
ENERGY:      80    354897.1064    280019.6437     81839.9197      5049.2146       -4502388.8278    383929.2122         0.0000         0.0000    946943.2317       -2449710.4995       297.8380  -3396653.7312  -2441058.3964       298.0062           1672.7726        99.1367  10197733.2873        16.4983        18.5607

[MO833] Paramount Iteration,0,81,7.352998,335.214673
[MO833] Paramount Iteration,0,82,2.798236,338.012932
[MO833] Paramount Iteration,0,83,2.813894,340.826848
[MO833] Paramount Iteration,0,84,3.229095,344.055967
[MO833] Paramount Iteration,0,85,3.665017,347.721006
[MO833] Paramount Iteration,0,86,2.805865,350.526892
[MO833] Paramount Iteration,0,87,2.813440,353.340354
[MO833] Paramount Iteration,0,88,3.217820,356.558198
[MO833] Paramount Iteration,0,89,3.676621,360.234842
[MO833] Paramount Iteration,0,90,2.997360,363.232222
[MO833] Paramount Iteration,0,91,5.368364,368.600609
[MO833] Paramount Iteration,0,92,3.321559,371.922198
[MO833] Paramount Iteration,0,93,3.780775,375.703005
[MO833] Paramount Iteration,0,94,2.876945,378.579980
[MO833] Paramount Iteration,0,95,2.884788,381.464795
[MO833] Paramount Iteration,0,96,3.323565,384.788387
[MO833] Paramount Iteration,0,97,4.064077,388.852492
[MO833] Paramount Iteration,0,98,2.885649,391.738171
LDB: ============= START OF LOAD BALANCING ============== 397.01
LDB: Largest compute 2966 load 0.090911 is 0.0% of average load 279.194828
LDB: Average compute 0.011936 is 0.0% of average load 279.194828
LDB: Partitioning computes with target load 27.919483
LDB: Increased migratable compute count from 41743 to 41743
LDB: Largest unpartitionable compute is 0.017830
LDB: ============== END OF LOAD BALANCING =============== 397.025
Info: useSync: 0 useProxySync: 0
LDB: =============== DONE WITH MIGRATION ================ 397.031
[MO833] Paramount Iteration,0,99,5.425392,397.163582
[MO833] Paramount Iteration,0,100,1.080742,398.244333
Info: Initial time: 2 CPUs 3.50516 s/step 40.569 days/ns 2334.1 MB memory
TIMING: 100  CPU: 359.395, 3.51764/step  Wall: 359.395, 3.51764/step, 0.390849 hours remaining, 2334.097656 MB of memory in use.
ENERGY:     100    355570.2813    280112.1905     81817.4446      5037.9866       -4502415.6388    383245.3451         0.0000         0.0000    947144.1607       -2449488.2299       297.9012  -3396632.3907  -2440846.2499       298.0101           1644.7815       110.1296  10198335.0288        -7.9460        -6.9575

[MO833] Paramount Iteration,0,101,7.280216,405.524573
[MO833] Paramount Iteration,0,102,2.782075,408.306667
[MO833] Paramount Iteration,0,103,2.828861,411.135548
[MO833] Paramount Iteration,0,104,3.246558,414.382129
[MO833] Paramount Iteration,0,105,3.659150,418.041302
[MO833] Paramount Iteration,0,106,2.784630,420.825954
[MO833] Paramount Iteration,0,107,2.800963,423.626939
[MO833] Paramount Iteration,0,108,3.261662,426.888624
[MO833] Paramount Iteration,0,109,3.666700,430.555346
[MO833] Paramount Iteration,0,110,2.978578,433.533945
[MO833] Paramount Iteration,0,111,5.325941,438.859908
[MO833] Paramount Iteration,0,112,3.281148,442.141084
[MO833] Paramount Iteration,0,113,3.719201,445.860309
[MO833] Paramount Iteration,0,114,2.837603,448.697935
[MO833] Paramount Iteration,0,115,2.846124,451.544087
[MO833] Paramount Iteration,0,116,3.550852,455.094963
[MO833] Paramount Iteration,0,117,3.805220,458.900209
[MO833] Paramount Iteration,0,118,2.837823,461.738062
LDB: ============= START OF LOAD BALANCING ============== 467.046
LDB: ============== END OF LOAD BALANCING =============== 467.046
Info: useSync: 0 useProxySync: 0
LDB: =============== DONE WITH MIGRATION ================ 467.047
[MO833] Paramount Iteration,0,119,5.441363,467.179453
[MO833] Paramount Iteration,0,120,1.162016,468.341479
TIMING: 120  CPU: 429.621, 3.51134/step  Wall: 429.621, 3.51134/step, 0.370641 hours remaining, 2337.355469 MB of memory in use.
ENERGY:     120    355552.7395    279202.1636     81881.4324      4979.6480       -4505002.1499    384989.8190         0.0000         0.0000    948549.2289       -2449847.1184       298.3431  -3398396.3474  -2441107.8394       298.1920           1650.8133       127.0147  10194563.6088       -11.8888       -14.9603

[MO833] Paramount Iteration,0,121,7.457452,475.798956
[MO833] Paramount Iteration,0,122,2.861177,478.660162
[MO833] Paramount Iteration,0,123,2.862771,481.522963
[MO833] Paramount Iteration,0,124,3.297295,484.820283
[MO833] Paramount Iteration,0,125,3.750121,488.570432
[MO833] Paramount Iteration,0,126,2.837410,491.407870
[MO833] Paramount Iteration,0,127,2.844443,494.252337
[MO833] Paramount Iteration,0,128,3.306063,497.558427
[MO833] Paramount Iteration,0,129,3.722092,501.280546
[MO833] Paramount Iteration,0,130,3.056214,504.336788
[MO833] Paramount Iteration,0,131,5.350643,509.687460
[MO833] Paramount Iteration,0,132,3.289182,512.976666
[MO833] Paramount Iteration,0,133,3.710119,516.686811
[MO833] Paramount Iteration,0,134,3.109697,519.796527
[MO833] Paramount Iteration,0,135,2.925600,522.722155
[MO833] Paramount Iteration,0,136,3.288528,526.010710
[MO833] Paramount Iteration,0,137,3.722082,529.732821
[MO833] Paramount Iteration,0,138,2.829932,532.562776
[MO833] Paramount Iteration,0,139,2.859923,535.422723
[MO833] Paramount Iteration,0,140,3.714295,539.137046
TIMING: 140  CPU: 500.353, 3.53658/step  Wall: 500.353, 3.53658/step, 0.353658 hours remaining, 2342.027344 MB of memory in use.
ENERGY:     140    355565.8816    279684.1760     81848.7891      5040.7017       -4502387.7926    382090.7076         0.0000         0.0000    948697.6161       -2449459.9207       298.3898  -3398157.5368  -2440737.7582       298.3652           1593.0390        57.0575  10198025.6000        12.5920         9.6010

[MO833] Paramount Iteration,0,141,7.388461,546.525537
[MO833] Paramount Iteration,0,142,2.822979,549.348538
[MO833] Paramount Iteration,0,143,2.830152,552.178719
[MO833] Paramount Iteration,0,144,3.236991,555.415733
[MO833] Paramount Iteration,0,145,3.716281,559.132037
[MO833] Paramount Iteration,0,146,2.804301,561.936364
[MO833] Paramount Iteration,0,147,2.808856,564.745243
[MO833] Paramount Iteration,0,148,3.296929,568.042195
[MO833] Paramount Iteration,0,149,3.745331,571.787554
[MO833] Paramount Iteration,0,150,3.001147,574.788740
[MO833] Paramount Iteration,0,151,5.255017,580.043780
[MO833] Paramount Iteration,0,152,3.700647,583.744446
[MO833] Paramount Iteration,0,153,3.740350,587.484816
[MO833] Paramount Iteration,0,154,2.803748,590.288587
[MO833] Paramount Iteration,0,155,2.807063,593.095675
[MO833] Paramount Iteration,0,156,3.238565,596.334261
[MO833] Paramount Iteration,0,157,3.661075,599.995357
[MO833] Paramount Iteration,0,158,2.787690,602.783066
[MO833] Paramount Iteration,0,159,2.841179,605.624267
[MO833] Paramount Iteration,0,160,3.654756,609.279046
TIMING: 160  CPU: 570.403, 3.50252/step  Wall: 570.403, 3.50252/step, 0.330793 hours remaining, 2344.925781 MB of memory in use.
ENERGY:     160    355378.8466    279751.2342     82042.5116      5080.4312       -4506257.6075    384901.3697         0.0000         0.0000    949320.6951       -2449782.5191       298.5858  -3399103.2142  -2441072.4406       298.3385           1665.8657       126.0175  10192155.9944        11.2074         9.6803

[MO833] Paramount Iteration,0,161,7.297495,616.576564
[MO833] Paramount Iteration,0,162,2.785173,619.361758
[MO833] Paramount Iteration,0,163,2.805659,622.167439
[MO833] Paramount Iteration,0,164,3.252732,625.420193
[MO833] Paramount Iteration,0,165,3.659391,629.079608
[MO833] Paramount Iteration,0,166,2.786259,631.865889
[MO833] Paramount Iteration,0,167,2.819747,634.685659
[MO833] Paramount Iteration,0,168,3.228188,637.913870
[MO833] Paramount Iteration,0,169,3.660510,641.574403
[MO833] Paramount Iteration,0,170,2.981143,644.555569
[MO833] Paramount Iteration,0,171,5.484669,650.040262
[MO833] Paramount Iteration,0,172,3.287939,653.328220
[MO833] Paramount Iteration,0,173,3.657909,656.986153
[MO833] Paramount Iteration,0,174,2.781076,659.767253
[MO833] Paramount Iteration,0,175,2.856482,662.623759
[MO833] Paramount Iteration,0,176,3.269203,665.892990
[MO833] Paramount Iteration,0,177,3.745585,669.638607
[MO833] Paramount Iteration,0,178,2.792848,672.431485
[MO833] Paramount Iteration,0,179,2.801881,675.233388
[MO833] Paramount Iteration,0,180,3.631712,678.865120
TIMING: 180  CPU: 639.982, 3.47894/step  Wall: 639.982, 3.47894/step, 0.309239 hours remaining, 2347.457031 MB of memory in use.
ENERGY:     180    355619.6004    279734.2199     82005.9031      5113.5618       -4504584.3203    383989.5876         0.0000         0.0000    947894.0024       -2450227.4451       298.1370  -3398121.4475  -2441539.2059       298.2527           1635.6198       119.1501  10195560.9239       -11.7514       -10.5895

[MO833] Paramount Iteration,0,181,7.263758,686.128902
[MO833] Paramount Iteration,0,182,2.784049,688.912971
[MO833] Paramount Iteration,0,183,2.810074,691.723067
[MO833] Paramount Iteration,0,184,3.225992,694.949083
[MO833] Paramount Iteration,0,185,3.671016,698.620125
[MO833] Paramount Iteration,0,186,2.795238,701.415386
[MO833] Paramount Iteration,0,187,2.815560,704.230969
[MO833] Paramount Iteration,0,188,3.229850,707.460840
[MO833] Paramount Iteration,0,189,3.671785,711.132648
[MO833] Paramount Iteration,0,190,3.236256,714.368926
[MO833] Paramount Iteration,0,191,5.415049,719.783997
[MO833] Paramount Iteration,0,192,3.288402,723.072428
[MO833] Paramount Iteration,0,193,3.740137,726.812593
[MO833] Paramount Iteration,0,194,2.839948,729.652568
[MO833] Paramount Iteration,0,195,2.815355,732.467950
[MO833] Paramount Iteration,0,196,3.249028,735.717000
[MO833] Paramount Iteration,0,197,3.749487,739.466515
[MO833] Paramount Iteration,0,198,2.860898,742.327441
LDB: ============= START OF LOAD BALANCING ============== 747.656
LDB: Largest compute 3840 load 0.090748 is 0.0% of average load 278.903737
LDB: Average compute 0.011906 is 0.0% of average load 278.903737
LDB: TIME 747.672 LOAD: AVG 278.904 MAX 280.569  PROXIES: TOTAL 366 MAXPE 183 MAXPATCH 1 None MEM: 2350.32 MB
LDB: TIME 747.687 LOAD: AVG 278.904 MAX 281.308  PROXIES: TOTAL 366 MAXPE 183 MAXPATCH 1 TorusLB MEM: 2350.32 MB
LDB: Reverting to original mapping
LDB: ============== END OF LOAD BALANCING =============== 747.693
Info: useSync: 0 useProxySync: 0
LDB: =============== DONE WITH MIGRATION ================ 747.7
[MO833] Paramount Iteration,0,199,5.504725,747.832192
[MO833] Paramount Iteration,0,200,1.164258,748.996461
Info: Initial time: 2 CPUs 3.5086 s/step 40.6088 days/ns 2350.32 MB memory
TIMING: 200  CPU: 710.3, 3.51591/step  Wall: 710.3, 3.51591/step, 0.292992 hours remaining, 2350.324219 MB of memory in use.
ETITLE:      TS           BOND          ANGLE          DIHED          IMPRP               ELECT            VDW       BOUNDARY           MISC        KINETIC               TOTAL           TEMP      POTENTIAL         TOTAL3        TEMPAVG            PRESSURE      GPRESSURE         VOLUME       PRESSAVG      GPRESSAVG

ENERGY:     200    355929.3394    280239.8333     81943.6615      5029.3654       -4506238.0903    384473.1408         0.0000         0.0000    948486.3527       -2450136.3972       298.3233  -3398622.7499  -2441427.7125       298.2523           1604.9181       117.0743  10196200.3657        -4.6727        -4.8594

[MO833] Paramount Iteration,0,201,7.482812,756.479301
[MO833] Paramount Iteration,0,202,2.862999,759.342327
[MO833] Paramount Iteration,0,203,2.870146,762.212502
[MO833] Paramount Iteration,0,204,3.310876,765.523404
[MO833] Paramount Iteration,0,205,3.760562,769.283995
[MO833] Paramount Iteration,0,206,2.866068,772.150092
[MO833] Paramount Iteration,0,207,2.825035,774.975155
[MO833] Paramount Iteration,0,208,3.462931,778.438108
[MO833] Paramount Iteration,0,209,3.916701,782.354915
[MO833] Paramount Iteration,0,210,3.068151,785.423094
[MO833] Paramount Iteration,0,211,5.400010,790.823146
[MO833] Paramount Iteration,0,212,3.307865,794.131037
[MO833] Paramount Iteration,0,213,3.760283,797.891352
[MO833] Paramount Iteration,0,214,2.867443,800.758823
[MO833] Paramount Iteration,0,215,2.859818,803.618667
[MO833] Paramount Iteration,0,216,3.308357,806.927055
[MO833] Paramount Iteration,0,217,3.761677,810.688760
[MO833] Paramount Iteration,0,218,2.864845,813.553633
[MO833] Paramount Iteration,0,219,2.873529,816.427192
[MO833] Paramount Iteration,0,220,3.707876,820.135095
TIMING: 220  CPU: 781.446, 3.55729/step  Wall: 781.446, 3.55729/step, 0.276678 hours remaining, 2351.753906 MB of memory in use.
ENERGY:     220    356064.7956    280309.8575     81852.8709      5006.7276       -4506024.0358    383332.4940         0.0000         0.0000    949274.8318       -2450182.4584       298.5713  -3399457.2902  -2441491.9595       298.3050           1523.0613        66.1825  10198525.5955        -6.1948        -8.1572

[MO833] Paramount Iteration,0,221,7.488901,827.624035
[MO833] Paramount Iteration,0,222,2.840145,830.464207
[MO833] Paramount Iteration,0,223,2.803344,833.267576
[MO833] Paramount Iteration,0,224,3.221303,836.488901
[MO833] Paramount Iteration,0,225,3.664211,840.153136
[MO833] Paramount Iteration,0,226,2.817763,842.970923
[MO833] Paramount Iteration,0,227,3.083374,846.054325
[MO833] Paramount Iteration,0,228,3.288414,849.342760
[MO833] Paramount Iteration,0,229,3.655770,852.998552
[MO833] Paramount Iteration,0,230,2.977767,855.976342
[MO833] Paramount Iteration,0,231,5.241740,861.218106
[MO833] Paramount Iteration,0,232,3.209670,864.427800
[MO833] Paramount Iteration,0,233,3.651981,868.079802
[MO833] Paramount Iteration,0,234,2.798546,870.878368
[MO833] Paramount Iteration,0,235,2.828200,873.706591
[MO833] Paramount Iteration,0,236,3.246517,876.953131
[MO833] Paramount Iteration,0,237,3.663093,880.616247
[MO833] Paramount Iteration,0,238,2.787609,883.403879
[MO833] Paramount Iteration,0,239,2.801927,886.205827
[MO833] Paramount Iteration,0,240,3.657232,889.863083
TIMING: 240  CPU: 850.991, 3.47724/step  Wall: 850.991, 3.47724/step, 0.251134 hours remaining, 2353.375000 MB of memory in use.
ENERGY:     240    356389.9131    280740.6964     81965.0865      5088.7365       -4506771.3052    383912.8236         0.0000         0.0000    948574.3459       -2450099.7032       298.3510  -3398674.0491  -2441394.6711       298.3975           1542.0055       104.2922  10197042.1650        -9.2530       -11.3513

[MO833] Paramount Iteration,0,241,7.301693,897.164805
[MO833] Paramount Iteration,0,242,2.782955,899.947782
[MO833] Paramount Iteration,0,243,2.825006,902.772810
[MO833] Paramount Iteration,0,244,3.307486,906.080325
[MO833] Paramount Iteration,0,245,4.034664,910.115020
[MO833] Paramount Iteration,0,246,2.951599,913.066649
[MO833] Paramount Iteration,0,247,2.863117,915.929796
[MO833] Paramount Iteration,0,248,3.316772,919.246599
[MO833] Paramount Iteration,0,249,3.760596,923.007224
[MO833] Paramount Iteration,0,250,3.064840,926.072092
[MO833] Paramount Iteration,0,251,5.345468,931.417590
[MO833] Paramount Iteration,0,252,3.265800,934.683416
[MO833] Paramount Iteration,0,253,3.698441,938.381882
[MO833] Paramount Iteration,0,254,2.801304,941.183210
[MO833] Paramount Iteration,0,255,2.809724,943.992958
[MO833] Paramount Iteration,0,256,3.239244,947.232226
[MO833] Paramount Iteration,0,257,3.667142,950.899392
[MO833] Paramount Iteration,0,258,2.787672,953.687087
[MO833] Paramount Iteration,0,259,2.803797,956.490907
[MO833] Paramount Iteration,0,260,3.634473,960.125403
TIMING: 260  CPU: 921.237, 3.51233/step  Wall: 921.237, 3.51233/step, 0.234155 hours remaining, 2355.082031 MB of memory in use.
ENERGY:     260    357032.8573    280582.9719     82000.2885      5020.8344       -4507544.3522    384045.0620         0.0000         0.0000    948997.2472       -2449865.0909       298.4840  -3398862.3381  -2441192.3845       298.4532           1504.0660        79.6582  10196650.2162        10.6183         9.9223

[MO833] Paramount Iteration,0,261,7.248828,967.374252
[MO833] Paramount Iteration,0,262,2.778220,970.152491
[MO833] Paramount Iteration,0,263,2.824525,972.977039
[MO833] Paramount Iteration,0,264,3.475873,976.452932
[MO833] Paramount Iteration,0,265,3.731428,980.184383
[MO833] Paramount Iteration,0,266,2.780314,982.964723
[MO833] Paramount Iteration,0,267,2.801756,985.766503
[MO833] Paramount Iteration,0,268,3.228560,988.995087
[MO833] Paramount Iteration,0,269,3.654545,992.649656
[MO833] Paramount Iteration,0,270,2.980220,995.629898
[MO833] Paramount Iteration,0,271,5.294818,1000.924738
[MO833] Paramount Iteration,0,272,3.214873,1004.139633
[MO833] Paramount Iteration,0,273,3.652194,1007.791849
[MO833] Paramount Iteration,0,274,2.780710,1010.572580
[MO833] Paramount Iteration,0,275,2.844685,1013.417284
[MO833] Paramount Iteration,0,276,3.225676,1016.642983
[MO833] Paramount Iteration,0,277,3.652454,1020.295459
[MO833] Paramount Iteration,0,278,3.033499,1023.328979
[MO833] Paramount Iteration,0,279,2.828149,1026.157147
[MO833] Paramount Iteration,0,280,3.640393,1029.797560
TIMING: 280  CPU: 990.886, 3.48242/step  Wall: 990.886, 3.48242/step, 0.212814 hours remaining, 2364.195312 MB of memory in use.
ENERGY:     280    356971.1470    280516.5798     81982.4921      5086.9164       -4504892.4754    382433.6461         0.0000         0.0000    948085.5762       -2449816.1177       298.1973  -3397901.6939  -2441200.7433       298.5122           1429.2085        41.9136  10200041.0726       -11.6045        -9.7950

[MO833] Paramount Iteration,0,281,7.255160,1037.052744
[MO833] Paramount Iteration,0,282,3.031614,1040.084377
[MO833] Paramount Iteration,0,283,2.880844,1042.965241
[MO833] Paramount Iteration,0,284,3.254469,1046.219735
[MO833] Paramount Iteration,0,285,3.658369,1049.878125
[MO833] Paramount Iteration,0,286,2.793387,1052.671534
[MO833] Paramount Iteration,0,287,2.818621,1055.490181
[MO833] Paramount Iteration,0,288,3.227827,1058.718030
[MO833] Paramount Iteration,0,289,3.663975,1062.382029
[MO833] Paramount Iteration,0,290,2.975410,1065.357461
[MO833] Paramount Iteration,0,291,5.283120,1070.640605
[MO833] Paramount Iteration,0,292,3.224419,1073.865044
[MO833] Paramount Iteration,0,293,3.676141,1077.541208
[MO833] Paramount Iteration,0,294,2.800396,1080.341624
[MO833] Paramount Iteration,0,295,2.826815,1083.168458
[MO833] Paramount Iteration,0,296,3.235170,1086.403650
[MO833] Paramount Iteration,0,297,3.671189,1090.074861
[MO833] Paramount Iteration,0,298,2.805659,1092.880542
LDB: ============= START OF LOAD BALANCING ============== 1098.16
LDB: Largest compute 3840 load 0.109288 is 0.0% of average load 348.129999
LDB: Average compute 0.014861 is 0.0% of average load 348.129999
LDB: TIME 1098.17 LOAD: AVG 348.13 MAX 350.288  PROXIES: TOTAL 366 MAXPE 183 MAXPATCH 1 None MEM: 2364.2 MB
LDB: TIME 1098.18 LOAD: AVG 348.13 MAX 350.288  PROXIES: TOTAL 366 MAXPE 183 MAXPATCH 1 RefineTorusLB MEM: 2364.2 MB
LDB: TIME 1098.18 LOAD: AVG 348.13 MAX 350.288  PROXIES: TOTAL 366 MAXPE 183 MAXPATCH 1 RefineTorusLB MEM: 2364.2 MB
LDB: ============== END OF LOAD BALANCING =============== 1098.18
Info: useSync: 0 useProxySync: 0
LDB: =============== DONE WITH MIGRATION ================ 1098.19
[MO833] Paramount Iteration,0,299,5.437679,1098.318247
[MO833] Paramount Iteration,0,300,1.113999,1099.432255
Info: Initial time: 2 CPUs 3.5061 s/step 40.5799 days/ns 2364.2 MB memory
TIMING: 300  CPU: 1060.94, 3.50269/step  Wall: 1060.94, 3.50269/step, 0.194594 hours remaining, 2364.195312 MB of memory in use.
ENERGY:     300    357230.5441    280526.5414     82011.1911      5089.2767       -4508947.9053    385564.2470         0.0000         0.0000    947940.2914       -2450585.8136       298.1516  -3398526.1051  -2441892.5645       298.2864           1511.0325       144.3860  10193696.9113         7.1501         7.5842

[MO833] Paramount Iteration,0,301,7.680293,1107.112572
[MO833] Paramount Iteration,0,302,2.822991,1109.935586
[MO833] Paramount Iteration,0,303,2.830927,1112.766540
[MO833] Paramount Iteration,0,304,3.260901,1116.027468
[MO833] Paramount Iteration,0,305,3.695201,1119.722695
[MO833] Paramount Iteration,0,306,2.833839,1122.556558
[MO833] Paramount Iteration,0,307,2.824780,1125.381365
[MO833] Paramount Iteration,0,308,3.278624,1128.660014
[MO833] Paramount Iteration,0,309,3.702800,1132.362837
[MO833] Paramount Iteration,0,310,3.026586,1135.389449
[MO833] Paramount Iteration,0,311,5.254167,1140.643640
[MO833] Paramount Iteration,0,312,3.225127,1143.868787
[MO833] Paramount Iteration,0,313,3.658599,1147.527408
[MO833] Paramount Iteration,0,314,2.777797,1150.305227
[MO833] Paramount Iteration,0,315,2.812401,1153.117649
[MO833] Paramount Iteration,0,316,3.233534,1156.351207
[MO833] Paramount Iteration,0,317,3.660170,1160.011399
[MO833] Paramount Iteration,0,318,2.793197,1162.804618
[MO833] Paramount Iteration,0,319,2.857423,1165.662067
[MO833] Paramount Iteration,0,320,3.959088,1169.621183
TIMING: 320  CPU: 1130.89, 3.49765/step  Wall: 1130.89, 3.49765/step, 0.174883 hours remaining, 2364.195312 MB of memory in use.
ENERGY:     320    357125.9949    280666.8947     81954.4229      5071.3732       -4507020.5248    383474.0598         0.0000         0.0000    948233.2671       -2450494.5122       298.2437  -3398727.7793  -2441817.3454       298.3964           1443.8799        87.6058  10196816.4060        -1.9493        -2.5390

[MO833] Paramount Iteration,0,321,7.444365,1177.065576
[MO833] Paramount Iteration,0,322,2.783617,1179.849214
[MO833] Paramount Iteration,0,323,2.809928,1182.659164
[MO833] Paramount Iteration,0,324,3.257848,1185.917035
[MO833] Paramount Iteration,0,325,3.661734,1189.578793
[MO833] Paramount Iteration,0,326,2.778379,1192.357194
[MO833] Paramount Iteration,0,327,2.794320,1195.151534
[MO833] Paramount Iteration,0,328,3.223287,1198.374844
[MO833] Paramount Iteration,0,329,3.665111,1202.039978
[MO833] Paramount Iteration,0,330,3.016893,1205.056893
[MO833] Paramount Iteration,0,331,5.294410,1210.351329
[MO833] Paramount Iteration,0,332,3.231995,1213.583346
[MO833] Paramount Iteration,0,333,3.653276,1217.236645
[MO833] Paramount Iteration,0,334,2.779431,1220.016097
[MO833] Paramount Iteration,0,335,2.862388,1222.878507
[MO833] Paramount Iteration,0,336,3.226071,1226.104600
[MO833] Paramount Iteration,0,337,3.672770,1229.777391
[MO833] Paramount Iteration,0,338,2.799012,1232.576424
[MO833] Paramount Iteration,0,339,3.053934,1235.630381
[MO833] Paramount Iteration,0,340,3.661316,1239.291721
TIMING: 340  CPU: 1200.41, 3.47608/step  Wall: 1200.41, 3.47608/step, 0.154492 hours remaining, 2364.195312 MB of memory in use.
ENERGY:     340    357416.6167    279875.0027     82041.5469      5061.0980       -4508237.2017    384550.4955         0.0000         0.0000    948492.6632       -2450799.7788       298.3253  -3399292.4420  -2442106.7878       298.2288           1454.6628       100.2637  10195315.9185         8.8930         6.8414

[MO833] Paramount Iteration,0,341,7.295772,1246.587516
[MO833] Paramount Iteration,0,342,2.778164,1249.365701
[MO833] Paramount Iteration,0,343,2.795281,1252.161005
[MO833] Paramount Iteration,0,344,3.215895,1255.376922
[MO833] Paramount Iteration,0,345,3.654130,1259.031075
[MO833] Paramount Iteration,0,346,2.782017,1261.813116
[MO833] Paramount Iteration,0,347,2.837287,1264.650423
[MO833] Paramount Iteration,0,348,3.259129,1267.909575
[MO833] Paramount Iteration,0,349,3.654253,1271.563851
[MO833] Paramount Iteration,0,350,2.975653,1274.539528
[MO833] Paramount Iteration,0,351,5.245904,1279.785456
[MO833] Paramount Iteration,0,352,3.216382,1283.001861
[MO833] Paramount Iteration,0,353,3.655032,1286.656917
[MO833] Paramount Iteration,0,354,2.778476,1289.435415
[MO833] Paramount Iteration,0,355,2.849428,1292.284863
[MO833] Paramount Iteration,0,356,3.253220,1295.538105
[MO833] Paramount Iteration,0,357,3.894003,1299.432133
[MO833] Paramount Iteration,0,358,2.861020,1302.293173
[MO833] Paramount Iteration,0,359,2.796014,1305.089211
[MO833] Paramount Iteration,0,360,3.663146,1308.752379
TIMING: 360  CPU: 1269.87, 3.47256/step  Wall: 1269.87, 3.47256/step, 0.135044 hours remaining, 2364.195312 MB of memory in use.
ENERGY:     360    356940.6326    279964.2736     82155.9533      5051.8523       -4506220.3816    383362.0218         0.0000         0.0000    947665.6492       -2451079.9988       298.0652  -3398745.6480  -2442332.1948       298.1838           1404.2320        63.2412  10196987.4576        -4.2888        -6.4821

[MO833] Paramount Iteration,0,361,7.238514,1315.990915
[MO833] Paramount Iteration,0,362,2.781344,1318.772278
[MO833] Paramount Iteration,0,363,2.833065,1321.605363
[MO833] Paramount Iteration,0,364,3.258460,1324.863846
[MO833] Paramount Iteration,0,365,3.656202,1328.520070
[MO833] Paramount Iteration,0,366,2.777138,1331.297229
[MO833] Paramount Iteration,0,367,2.800716,1334.097968
[MO833] Paramount Iteration,0,368,3.255582,1337.353570
[MO833] Paramount Iteration,0,369,3.652519,1341.006112
[MO833] Paramount Iteration,0,370,2.972495,1343.978630
[MO833] Paramount Iteration,0,371,5.258901,1349.237553
[MO833] Paramount Iteration,0,372,3.261028,1352.498603
[MO833] Paramount Iteration,0,373,3.701008,1356.199635
[MO833] Paramount Iteration,0,374,2.852584,1359.052247
[MO833] Paramount Iteration,0,375,2.867858,1361.920134
[MO833] Paramount Iteration,0,376,3.587088,1365.507248
[MO833] Paramount Iteration,0,377,3.839462,1369.346738
[MO833] Paramount Iteration,0,378,2.856349,1372.203117
[MO833] Paramount Iteration,0,379,2.859545,1375.062699
[MO833] Paramount Iteration,0,380,3.706067,1378.768792
TIMING: 380  CPU: 1340.06, 3.50979/step  Wall: 1340.06, 3.50979/step, 0.116993 hours remaining, 2364.195312 MB of memory in use.
ENERGY:     380    357503.6426    280327.1998     81931.8777      5062.9496       -4510097.2356    385959.5757         0.0000         0.0000    948014.9833       -2451297.0067       298.1751  -3399311.9900  -2442590.8752       298.0429           1471.8099       143.6011  10190154.6662         1.9967         1.3173

[MO833] Paramount Iteration,0,381,7.472957,1386.241777
[MO833] Paramount Iteration,0,382,2.857510,1389.099311
[MO833] Paramount Iteration,0,383,2.859905,1391.959244
[MO833] Paramount Iteration,0,384,3.312517,1395.271789
[MO833] Paramount Iteration,0,385,3.667870,1398.939685
[MO833] Paramount Iteration,0,386,2.780428,1401.720135
[MO833] Paramount Iteration,0,387,2.796228,1404.516385
[MO833] Paramount Iteration,0,388,3.485858,1408.002265
[MO833] Paramount Iteration,0,389,3.669770,1411.672059
[MO833] Paramount Iteration,0,390,2.977525,1414.649606
[MO833] Paramount Iteration,0,391,5.246356,1419.895985
[MO833] Paramount Iteration,0,392,3.234971,1423.130979
[MO833] Paramount Iteration,0,393,3.654108,1426.785111
[MO833] Paramount Iteration,0,394,3.029871,1429.815003
[MO833] Paramount Iteration,0,395,2.880889,1432.695912
[MO833] Paramount Iteration,0,396,3.263915,1435.959851
[MO833] Paramount Iteration,0,397,3.658153,1439.618025
[MO833] Paramount Iteration,0,398,2.790315,1442.408362
LDB: ============= START OF LOAD BALANCING ============== 1447.65
LDB: Largest compute 2594 load 0.112504 is 0.0% of average load 347.603223
LDB: Average compute 0.014842 is 0.0% of average load 347.603223
LDB: TIME 1447.66 LOAD: AVG 347.603 MAX 349.213  PROXIES: TOTAL 366 MAXPE 183 MAXPATCH 1 None MEM: 2364.2 MB
LDB: TIME 1447.66 LOAD: AVG 347.603 MAX 349.213  PROXIES: TOTAL 366 MAXPE 183 MAXPATCH 1 RefineTorusLB MEM: 2364.2 MB
LDB: TIME 1447.66 LOAD: AVG 347.603 MAX 349.213  PROXIES: TOTAL 366 MAXPE 183 MAXPATCH 1 RefineTorusLB MEM: 2364.2 MB
LDB: ============== END OF LOAD BALANCING =============== 1447.67
Info: useSync: 0 useProxySync: 0
LDB: =============== DONE WITH MIGRATION ================ 1447.67
[MO833] Paramount Iteration,0,399,5.397541,1447.805927
[MO833] Paramount Iteration,0,400,1.124894,1448.930830
Info: Benchmark time: 2 CPUs 3.49085 s/step 40.4033 days/ns 2364.2 MB memory
TIMING: 400  CPU: 1410.05, 3.49957/step  Wall: 1410.05, 3.49957/step, 0.0972103 hours remaining, 2364.195312 MB of memory in use.
ETITLE:      TS           BOND          ANGLE          DIHED          IMPRP               ELECT            VDW       BOUNDARY           MISC        KINETIC               TOTAL           TEMP      POTENTIAL         TOTAL3        TEMPAVG            PRESSURE      GPRESSURE         VOLUME       PRESSAVG      GPRESSAVG

ENERGY:     400    357801.5454    281131.4731     81981.0853      4996.1797       -4506982.1079    383056.8485         0.0000         0.0000    946874.7707       -2451140.2053       297.8165  -3398014.9759  -2442488.0243       298.1259           1388.6898        93.6404  10194264.2365       -22.5326       -21.2134

[MO833] Paramount Iteration,0,401,7.256633,1456.187487
[MO833] Paramount Iteration,0,402,2.775849,1458.963355
[MO833] Paramount Iteration,0,403,2.831432,1461.794809
[MO833] Paramount Iteration,0,404,3.239365,1465.034197
[MO833] Paramount Iteration,0,405,3.650683,1468.684903
[MO833] Paramount Iteration,0,406,2.774339,1471.459265
[MO833] Paramount Iteration,0,407,2.814007,1474.273294
[MO833] Paramount Iteration,0,408,3.234045,1477.507363
[MO833] Paramount Iteration,0,409,3.649886,1481.157271
[MO833] Paramount Iteration,0,410,2.970713,1484.128004
[MO833] Paramount Iteration,0,411,5.295299,1489.423325
[MO833] Paramount Iteration,0,412,3.228083,1492.651430
[MO833] Paramount Iteration,0,413,3.991223,1496.642675
[MO833] Paramount Iteration,0,414,2.791518,1499.434215
[MO833] Paramount Iteration,0,415,2.802819,1502.237060
[MO833] Paramount Iteration,0,416,3.244094,1505.481174
[MO833] Paramount Iteration,0,417,3.647524,1509.128722
[MO833] Paramount Iteration,0,418,2.772858,1511.901601
[MO833] Paramount Iteration,0,419,2.823842,1514.725474
[MO833] Paramount Iteration,0,420,3.646593,1518.372092
TIMING: 420  CPU: 1479.7, 3.48235/step  Wall: 1479.7, 3.48235/step, 0.0773855 hours remaining, 2364.195312 MB of memory in use.
ENERGY:     420    357515.2439    280839.7013     81909.2189      4971.8591       -4508840.3484    385244.7110         0.0000         0.0000    946637.1399       -2451722.4744       297.7417  -3398359.6143  -2443090.3084       298.1090           1388.7811       120.9137  10190174.6055         1.3379         2.9589

[MO833] Paramount Iteration,0,421,7.502274,1525.874448
[MO833] Paramount Iteration,0,422,2.810062,1528.684528
[MO833] Paramount Iteration,0,423,2.838015,1531.522569
[MO833] Paramount Iteration,0,424,3.234011,1534.756607
[MO833] Paramount Iteration,0,425,3.660523,1538.417154
[MO833] Paramount Iteration,0,426,2.781587,1541.198762
[MO833] Paramount Iteration,0,427,2.840994,1544.039779
[MO833] Paramount Iteration,0,428,3.242198,1547.282001
[MO833] Paramount Iteration,0,429,3.648541,1550.930566
[MO833] Paramount Iteration,0,430,2.972004,1553.902591
[MO833] Paramount Iteration,0,431,5.470098,1559.372711
[MO833] Paramount Iteration,0,432,3.289098,1562.661831
[MO833] Paramount Iteration,0,433,3.649895,1566.311751
[MO833] Paramount Iteration,0,434,2.774304,1569.086075
[MO833] Paramount Iteration,0,435,2.790513,1571.876609
[MO833] Paramount Iteration,0,436,3.258931,1575.135562
[MO833] Paramount Iteration,0,437,3.753992,1578.889583
[MO833] Paramount Iteration,0,438,2.858884,1581.748496
[MO833] Paramount Iteration,0,439,2.856220,1584.604744
[MO833] Paramount Iteration,0,440,3.702327,1588.307100
TIMING: 440  CPU: 1549.6, 3.49489/step  Wall: 1549.6, 3.49489/step, 0.0582481 hours remaining, 2373.894531 MB of memory in use.
ENERGY:     440    357873.7809    280631.4611     82060.6875      5018.1656       -4508030.9326    383464.9041         0.0000         0.0000    947267.7616       -2451714.1719       297.9401  -3398981.9334  -2443035.6600       298.0634           1340.9926        84.6757  10191784.9447        -5.7110        -5.3040

[MO833] Paramount Iteration,0,441,7.468074,1595.775214
[MO833] Paramount Iteration,0,442,2.836665,1598.611906
[MO833] Paramount Iteration,0,443,2.841829,1601.453764
[MO833] Paramount Iteration,0,444,3.289125,1604.742918
[MO833] Paramount Iteration,0,445,3.747986,1608.490935
[MO833] Paramount Iteration,0,446,2.850769,1611.341732
[MO833] Paramount Iteration,0,447,2.853654,1614.195415
[MO833] Paramount Iteration,0,448,3.294636,1617.490078
[MO833] Paramount Iteration,0,449,4.008625,1621.498732
[MO833] Paramount Iteration,0,450,3.365597,1624.864356
[MO833] Paramount Iteration,0,451,5.461592,1630.325992
[MO833] Paramount Iteration,0,452,3.298307,1633.624328
[MO833] Paramount Iteration,0,453,3.750283,1637.374641
[MO833] Paramount Iteration,0,454,2.850083,1640.224752
[MO833] Paramount Iteration,0,455,2.861418,1643.086198
[MO833] Paramount Iteration,0,456,3.495079,1646.581307
[MO833] Paramount Iteration,0,457,3.913653,1650.494984
[MO833] Paramount Iteration,0,458,2.774560,1653.269567
[MO833] Paramount Iteration,0,459,2.790371,1656.059959
[MO833] Paramount Iteration,0,460,3.654441,1659.714419
TIMING: 460  CPU: 1620.87, 3.5634/step  Wall: 1620.87, 3.5634/step, 0.0395933 hours remaining, 2373.894531 MB of memory in use.
ENERGY:     460    357353.4410    279467.6299     82119.0753      5047.3606       -4507639.9371    384389.5728         0.0000         0.0000    946970.3686       -2452292.4888       297.8465  -3399262.8574  -2443566.5605       298.0665           1345.4782        80.1940  10190850.3252         1.8325         0.0842

[MO833] Paramount Iteration,0,461,7.241627,1666.956069
[MO833] Paramount Iteration,0,462,2.771921,1669.728008
[MO833] Paramount Iteration,0,463,2.885187,1672.613216
[MO833] Paramount Iteration,0,464,3.243058,1675.856296
[MO833] Paramount Iteration,0,465,3.718663,1679.574987
[MO833] Paramount Iteration,0,466,2.782860,1682.357869
[MO833] Paramount Iteration,0,467,2.791850,1685.149741
[MO833] Paramount Iteration,0,468,3.425975,1688.575739
[MO833] Paramount Iteration,0,469,3.729042,1692.304805
[MO833] Paramount Iteration,0,470,2.972999,1695.277826
[MO833] Paramount Iteration,0,471,5.231778,1700.509627
[MO833] Paramount Iteration,0,472,3.245094,1703.754743
[MO833] Paramount Iteration,0,473,3.804108,1707.558872
[MO833] Paramount Iteration,0,474,2.896480,1710.455377
[MO833] Paramount Iteration,0,475,2.796456,1713.251856
[MO833] Paramount Iteration,0,476,3.231989,1716.483867
[MO833] Paramount Iteration,0,477,3.652502,1720.136393
[MO833] Paramount Iteration,0,478,2.773570,1722.909985
[MO833] Paramount Iteration,0,479,2.821980,1725.731986
[MO833] Paramount Iteration,0,480,3.630256,1729.362265
TIMING: 480  CPU: 1690.56, 3.48492/step  Wall: 1690.56, 3.48492/step, 0.0193607 hours remaining, 2373.894531 MB of memory in use.
ENERGY:     480    357319.4445    279988.5193     82141.3897      5034.7576       -4507896.5495    383729.6952         0.0000         0.0000    947423.3762       -2452259.3671       297.9890  -3399682.7433  -2443552.9517       297.8741           1362.3587        94.8830  10190495.0565        19.4400        16.6490

[MO833] Paramount Iteration,0,481,7.377569,1736.739858
[MO833] Paramount Iteration,0,482,2.798272,1739.538157
[MO833] Paramount Iteration,0,483,2.795846,1742.334023
[MO833] Paramount Iteration,0,484,3.248791,1745.582833
[MO833] Paramount Iteration,0,485,3.650554,1749.233410
[MO833] Paramount Iteration,0,486,2.782233,1752.015661
[MO833] Paramount Iteration,0,487,3.041828,1755.057507
[MO833] Paramount Iteration,0,488,3.282032,1758.339559
[MO833] Paramount Iteration,0,489,3.708093,1762.047674
[MO833] Paramount Iteration,0,490,3.009371,1765.057073
[MO833] Paramount Iteration,0,491,5.251545,1770.308639
[MO833] Paramount Iteration,0,492,3.241072,1773.549734
[MO833] Paramount Iteration,0,493,3.654374,1777.204132
[MO833] Paramount Iteration,0,494,2.772022,1779.976172
[MO833] Paramount Iteration,0,495,2.839203,1782.815397
[MO833] Paramount Iteration,0,496,3.233951,1786.049370
[MO833] Paramount Iteration,0,497,3.649496,1789.698888
[MO833] Paramount Iteration,0,498,2.775533,1792.474444
[MO833] Paramount Iteration,0,499,2.831976,1795.306441
[MO833] Paramount Iteration,0,500,3.591624,1798.898082
Info: Benchmark time: 2 CPUs 3.49281 s/step 40.4261 days/ns 2373.89 MB memory
TIMING: 500  CPU: 1759.33, 3.43852/step  Wall: 1759.33, 3.43852/step, 0 hours remaining, 2373.894531 MB of memory in use.
ENERGY:     500    357575.6656    279612.3022     82192.2623      5046.8105       -4510966.8443    384597.6191         0.0000         0.0000    949689.5281       -2452252.6565       298.7018  -3401942.1845  -2443577.4457       298.2011           1385.1814       146.1916  10188587.4444       -14.3421       -14.9514

WRITING EXTENDED SYSTEM TO OUTPUT FILE AT STEP 500
WRITING COORDINATES TO OUTPUT FILE AT STEP 500
The last position output (seq=-2) takes 0.014 seconds, 2384.543 MB of memory in use
WRITING VELOCITIES TO OUTPUT FILE AT STEP 500
The last velocity output (seq=-2) takes 0.016 seconds, 2384.543 MB of memory in use
====================================================

WallClock: 1805.363647  CPUTime: 1805.363647  Memory: 2384.542969 MB
[MO833] Beta,0,0.030742
[MO833] PI avg,0,3.503270,500
[MO833] Total time,1805.496289
[Partition 0][Node 0] End of program
[MO833] real,1806.14
[MO833] user,1783.25
[MO833] sys,22.21
